Thu, 06 Apr 2017 14:04:07 iMES_Data_Parser.py[line:13] INFO d:\3317\project\80335\4.20170406-REV1\501A\reports\CutingList.TXT is Raw.
Thu, 06 Apr 2017 14:04:07 iMES_Data_Parser.py[line:13] INFO d:\3317\project\80335\4.20170406-REV1\501A\reports\MaterialList.TXT is Raw.
Thu, 06 Apr 2017 14:04:07 iMES_Data_Parser.py[line:13] INFO d:\3317\project\80335\4.20170406-REV1\501A\reports\MaterialWeld.TXT is Raw.
Thu, 06 Apr 2017 14:04:07 iMES_Data_Parser.py[line:13] INFO d:\3317\project\80335\4.20170406-REV1\501A\reports\WeldingList.TXT is Raw.
Thu, 06 Apr 2017 14:04:07 iMES_Data_Parser.py[line:13] INFO d:\3317\project\80335\4.20170406-REV1\501B\reports\CutingList.TXT is Raw.
Thu, 06 Apr 2017 14:04:07 iMES_Data_Parser.py[line:13] INFO d:\3317\project\80335\4.20170406-REV1\501B\reports\MaterialList.TXT is Raw.
Thu, 06 Apr 2017 14:04:07 iMES_Data_Parser.py[line:13] INFO d:\3317\project\80335\4.20170406-REV1\501B\reports\MaterialWeld.TXT is Raw.
Thu, 06 Apr 2017 14:04:07 iMES_Data_Parser.py[line:13] INFO d:\3317\project\80335\4.20170406-REV1\501B\reports\WeldingList.TXT is Raw.
Thu, 06 Apr 2017 14:04:07 iMES_Data_Parser.py[line:13] INFO d:\3317\project\80335\4.20170406-REV1\531A\reports\CutingList.TXT is Raw.
Thu, 06 Apr 2017 14:04:07 iMES_Data_Parser.py[line:13] INFO d:\3317\project\80335\4.20170406-REV1\531A\reports\MaterialList.TXT is Raw.
Thu, 06 Apr 2017 14:04:07 iMES_Data_Parser.py[line:13] INFO d:\3317\project\80335\4.20170406-REV1\531A\reports\MaterialWeld.TXT is Raw.
Thu, 06 Apr 2017 14:04:07 iMES_Data_Parser.py[line:13] INFO d:\3317\project\80335\4.20170406-REV1\531A\reports\WeldingList.TXT is Raw.
Thu, 06 Apr 2017 14:04:07 iMES_Data_Parser.py[line:13] INFO d:\3317\project\80335\4.20170406-REV1\531B\reports\CutingList.TXT is Raw.
Thu, 06 Apr 2017 14:04:07 iMES_Data_Parser.py[line:13] INFO d:\3317\project\80335\4.20170406-REV1\531B\reports\MaterialList.TXT is Raw.
Thu, 06 Apr 2017 14:04:07 iMES_Data_Parser.py[line:13] INFO d:\3317\project\80335\4.20170406-REV1\531B\reports\MaterialWeld.TXT is Raw.
Thu, 06 Apr 2017 14:04:07 iMES_Data_Parser.py[line:13] INFO d:\3317\project\80335\4.20170406-REV1\531B\reports\WeldingList.TXT is Raw.
Thu, 06 Apr 2017 14:04:07 iMES_Data_Parser.py[line:13] INFO d:\3317\project\80335\4.20170406-REV1\561B\reports\CutingList.TXT is Raw.
Thu, 06 Apr 2017 14:04:07 iMES_Data_Parser.py[line:13] INFO d:\3317\project\80335\4.20170406-REV1\561B\reports\MaterialList.TXT is Raw.
Thu, 06 Apr 2017 14:04:07 iMES_Data_Parser.py[line:13] INFO d:\3317\project\80335\4.20170406-REV1\561B\reports\MaterialWeld.TXT is Raw.
Thu, 06 Apr 2017 14:04:07 iMES_Data_Parser.py[line:13] INFO d:\3317\project\80335\4.20170406-REV1\561B\reports\WeldingList.TXT is Raw.
Thu, 06 Apr 2017 14:04:07 iMES_Data_Parser.py[line:13] INFO d:\3317\project\80335\4.20170406-REV1\561C\reports\CutingList.TXT is Raw.
Thu, 06 Apr 2017 14:04:07 iMES_Data_Parser.py[line:13] INFO d:\3317\project\80335\4.20170406-REV1\561C\reports\MaterialList.TXT is Raw.
Thu, 06 Apr 2017 14:04:07 iMES_Data_Parser.py[line:13] INFO d:\3317\project\80335\4.20170406-REV1\561C\reports\MaterialWeld.TXT is Raw.
Thu, 06 Apr 2017 14:04:07 iMES_Data_Parser.py[line:13] INFO d:\3317\project\80335\4.20170406-REV1\561C\reports\WeldingList.TXT is Raw.
Thu, 06 Apr 2017 14:04:07 iMES_Data_Parser.py[line:13] INFO d:\3317\project\80335\4.20170406-REV1\561D\reports\CutingList.TXT is Raw.
Thu, 06 Apr 2017 14:04:07 iMES_Data_Parser.py[line:13] INFO d:\3317\project\80335\4.20170406-REV1\561D\reports\MaterialList.TXT is Raw.
Thu, 06 Apr 2017 14:04:07 iMES_Data_Parser.py[line:13] INFO d:\3317\project\80335\4.20170406-REV1\561D\reports\MaterialWeld.TXT is Raw.
Thu, 06 Apr 2017 14:04:07 iMES_Data_Parser.py[line:13] INFO d:\3317\project\80335\4.20170406-REV1\561D\reports\WeldingList.TXT is Raw.
Thu, 06 Apr 2017 14:04:07 iMES_Data_Parser.py[line:13] INFO d:\3317\project\80335\4.20170406-REV1\561R\reports\CutingList.TXT is Raw.
Thu, 06 Apr 2017 14:04:07 iMES_Data_Parser.py[line:13] INFO d:\3317\project\80335\4.20170406-REV1\561R\reports\MaterialList.TXT is Raw.
Thu, 06 Apr 2017 14:04:07 iMES_Data_Parser.py[line:13] INFO d:\3317\project\80335\4.20170406-REV1\561R\reports\MaterialWeld.TXT is Raw.
Thu, 06 Apr 2017 14:04:07 iMES_Data_Parser.py[line:13] INFO d:\3317\project\80335\4.20170406-REV1\561R\reports\WeldingList.TXT is Raw.
Thu, 06 Apr 2017 14:04:26 iMES_Data_Parser.py[line:13] INFO d:\3317\project\80335\4.20170406-REV1\501A\reports\CutingList.TXT is Raw.
Thu, 06 Apr 2017 14:04:26 iMES_Data_Parser.py[line:13] INFO d:\3317\project\80335\4.20170406-REV1\501A\reports\MaterialList.TXT is Raw.
Thu, 06 Apr 2017 14:04:26 iMES_Data_Parser.py[line:13] INFO d:\3317\project\80335\4.20170406-REV1\501A\reports\MaterialWeld.TXT is Raw.
Thu, 06 Apr 2017 14:04:26 iMES_Data_Parser.py[line:13] INFO d:\3317\project\80335\4.20170406-REV1\501A\reports\WeldingList.TXT is Raw.
Thu, 06 Apr 2017 14:04:26 iMES_Data_Parser.py[line:13] INFO d:\3317\project\80335\4.20170406-REV1\501B\reports\CutingList.TXT is Raw.
Thu, 06 Apr 2017 14:04:26 iMES_Data_Parser.py[line:13] INFO d:\3317\project\80335\4.20170406-REV1\501B\reports\MaterialList.TXT is Raw.
Thu, 06 Apr 2017 14:04:26 iMES_Data_Parser.py[line:13] INFO d:\3317\project\80335\4.20170406-REV1\501B\reports\MaterialWeld.TXT is Raw.
Thu, 06 Apr 2017 14:04:26 iMES_Data_Parser.py[line:13] INFO d:\3317\project\80335\4.20170406-REV1\501B\reports\WeldingList.TXT is Raw.
Thu, 06 Apr 2017 14:04:26 iMES_Data_Parser.py[line:13] INFO d:\3317\project\80335\4.20170406-REV1\531A\reports\CutingList.TXT is Raw.
Thu, 06 Apr 2017 14:04:26 iMES_Data_Parser.py[line:13] INFO d:\3317\project\80335\4.20170406-REV1\531A\reports\MaterialList.TXT is Raw.
Thu, 06 Apr 2017 14:04:26 iMES_Data_Parser.py[line:13] INFO d:\3317\project\80335\4.20170406-REV1\531A\reports\MaterialWeld.TXT is Raw.
Thu, 06 Apr 2017 14:04:26 iMES_Data_Parser.py[line:13] INFO d:\3317\project\80335\4.20170406-REV1\531A\reports\WeldingList.TXT is Raw.
Thu, 06 Apr 2017 14:04:26 iMES_Data_Parser.py[line:13] INFO d:\3317\project\80335\4.20170406-REV1\531B\reports\CutingList.TXT is Raw.
Thu, 06 Apr 2017 14:04:26 iMES_Data_Parser.py[line:13] INFO d:\3317\project\80335\4.20170406-REV1\531B\reports\MaterialList.TXT is Raw.
Thu, 06 Apr 2017 14:04:26 iMES_Data_Parser.py[line:13] INFO d:\3317\project\80335\4.20170406-REV1\531B\reports\MaterialWeld.TXT is Raw.
Thu, 06 Apr 2017 14:04:26 iMES_Data_Parser.py[line:13] INFO d:\3317\project\80335\4.20170406-REV1\531B\reports\WeldingList.TXT is Raw.
Thu, 06 Apr 2017 14:04:26 iMES_Data_Parser.py[line:13] INFO d:\3317\project\80335\4.20170406-REV1\561B\reports\CutingList.TXT is Raw.
Thu, 06 Apr 2017 14:04:26 iMES_Data_Parser.py[line:13] INFO d:\3317\project\80335\4.20170406-REV1\561B\reports\MaterialList.TXT is Raw.
Thu, 06 Apr 2017 14:04:26 iMES_Data_Parser.py[line:13] INFO d:\3317\project\80335\4.20170406-REV1\561B\reports\MaterialWeld.TXT is Raw.
Thu, 06 Apr 2017 14:04:26 iMES_Data_Parser.py[line:13] INFO d:\3317\project\80335\4.20170406-REV1\561B\reports\WeldingList.TXT is Raw.
Thu, 06 Apr 2017 14:04:26 iMES_Data_Parser.py[line:13] INFO d:\3317\project\80335\4.20170406-REV1\561C\reports\CutingList.TXT is Raw.
Thu, 06 Apr 2017 14:04:26 iMES_Data_Parser.py[line:13] INFO d:\3317\project\80335\4.20170406-REV1\561C\reports\MaterialList.TXT is Raw.
Thu, 06 Apr 2017 14:04:26 iMES_Data_Parser.py[line:13] INFO d:\3317\project\80335\4.20170406-REV1\561C\reports\MaterialWeld.TXT is Raw.
Thu, 06 Apr 2017 14:04:26 iMES_Data_Parser.py[line:13] INFO d:\3317\project\80335\4.20170406-REV1\561C\reports\WeldingList.TXT is Raw.
Thu, 06 Apr 2017 14:04:26 iMES_Data_Parser.py[line:13] INFO d:\3317\project\80335\4.20170406-REV1\561D\reports\CutingList.TXT is Raw.
Thu, 06 Apr 2017 14:04:26 iMES_Data_Parser.py[line:13] INFO d:\3317\project\80335\4.20170406-REV1\561D\reports\MaterialList.TXT is Raw.
Thu, 06 Apr 2017 14:04:26 iMES_Data_Parser.py[line:13] INFO d:\3317\project\80335\4.20170406-REV1\561D\reports\MaterialWeld.TXT is Raw.
Thu, 06 Apr 2017 14:04:26 iMES_Data_Parser.py[line:13] INFO d:\3317\project\80335\4.20170406-REV1\561D\reports\WeldingList.TXT is Raw.
Thu, 06 Apr 2017 14:04:26 iMES_Data_Parser.py[line:13] INFO d:\3317\project\80335\4.20170406-REV1\561R\reports\CutingList.TXT is Raw.
Thu, 06 Apr 2017 14:04:26 iMES_Data_Parser.py[line:13] INFO d:\3317\project\80335\4.20170406-REV1\561R\reports\MaterialList.TXT is Raw.
Thu, 06 Apr 2017 14:04:26 iMES_Data_Parser.py[line:13] INFO d:\3317\project\80335\4.20170406-REV1\561R\reports\MaterialWeld.TXT is Raw.
Thu, 06 Apr 2017 14:04:26 iMES_Data_Parser.py[line:13] INFO d:\3317\project\80335\4.20170406-REV1\561R\reports\WeldingList.TXT is Raw.
Thu, 06 Apr 2017 14:05:28 iMES_Data_Parser.py[line:13] INFO d:\3317\project\80335\4.20170406-REV1\501A\reports\CutingList.TXT is Raw.
Thu, 06 Apr 2017 14:05:28 iMES_Data_Parser.py[line:13] INFO d:\3317\project\80335\4.20170406-REV1\501A\reports\MaterialList.TXT is Raw.
Thu, 06 Apr 2017 14:05:28 iMES_Data_Parser.py[line:13] INFO d:\3317\project\80335\4.20170406-REV1\501A\reports\MaterialWeld.TXT is Raw.
Thu, 06 Apr 2017 14:05:28 iMES_Data_Parser.py[line:13] INFO d:\3317\project\80335\4.20170406-REV1\501A\reports\WeldingList.TXT is Raw.
Thu, 06 Apr 2017 14:05:28 iMES_Data_Parser.py[line:13] INFO d:\3317\project\80335\4.20170406-REV1\501B\reports\CutingList.TXT is Raw.
Thu, 06 Apr 2017 14:05:28 iMES_Data_Parser.py[line:13] INFO d:\3317\project\80335\4.20170406-REV1\501B\reports\MaterialList.TXT is Raw.
Thu, 06 Apr 2017 14:05:28 iMES_Data_Parser.py[line:13] INFO d:\3317\project\80335\4.20170406-REV1\501B\reports\MaterialWeld.TXT is Raw.
Thu, 06 Apr 2017 14:05:28 iMES_Data_Parser.py[line:13] INFO d:\3317\project\80335\4.20170406-REV1\501B\reports\WeldingList.TXT is Raw.
Thu, 06 Apr 2017 14:05:28 iMES_Data_Parser.py[line:13] INFO d:\3317\project\80335\4.20170406-REV1\531A\reports\CutingList.TXT is Raw.
Thu, 06 Apr 2017 14:05:28 iMES_Data_Parser.py[line:13] INFO d:\3317\project\80335\4.20170406-REV1\531A\reports\MaterialList.TXT is Raw.
Thu, 06 Apr 2017 14:05:28 iMES_Data_Parser.py[line:13] INFO d:\3317\project\80335\4.20170406-REV1\531A\reports\MaterialWeld.TXT is Raw.
Thu, 06 Apr 2017 14:05:28 iMES_Data_Parser.py[line:13] INFO d:\3317\project\80335\4.20170406-REV1\531A\reports\WeldingList.TXT is Raw.
Thu, 06 Apr 2017 14:05:28 iMES_Data_Parser.py[line:13] INFO d:\3317\project\80335\4.20170406-REV1\531B\reports\CutingList.TXT is Raw.
Thu, 06 Apr 2017 14:05:28 iMES_Data_Parser.py[line:13] INFO d:\3317\project\80335\4.20170406-REV1\531B\reports\MaterialList.TXT is Raw.
Thu, 06 Apr 2017 14:05:28 iMES_Data_Parser.py[line:13] INFO d:\3317\project\80335\4.20170406-REV1\531B\reports\MaterialWeld.TXT is Raw.
Thu, 06 Apr 2017 14:05:28 iMES_Data_Parser.py[line:13] INFO d:\3317\project\80335\4.20170406-REV1\531B\reports\WeldingList.TXT is Raw.
Thu, 06 Apr 2017 14:05:28 iMES_Data_Parser.py[line:13] INFO d:\3317\project\80335\4.20170406-REV1\561B\reports\CutingList.TXT is Raw.
Thu, 06 Apr 2017 14:05:28 iMES_Data_Parser.py[line:13] INFO d:\3317\project\80335\4.20170406-REV1\561B\reports\MaterialList.TXT is Raw.
Thu, 06 Apr 2017 14:05:28 iMES_Data_Parser.py[line:13] INFO d:\3317\project\80335\4.20170406-REV1\561B\reports\MaterialWeld.TXT is Raw.
Thu, 06 Apr 2017 14:05:28 iMES_Data_Parser.py[line:13] INFO d:\3317\project\80335\4.20170406-REV1\561B\reports\WeldingList.TXT is Raw.
Thu, 06 Apr 2017 14:05:28 iMES_Data_Parser.py[line:13] INFO d:\3317\project\80335\4.20170406-REV1\561C\reports\CutingList.TXT is Raw.
Thu, 06 Apr 2017 14:05:28 iMES_Data_Parser.py[line:13] INFO d:\3317\project\80335\4.20170406-REV1\561C\reports\MaterialList.TXT is Raw.
Thu, 06 Apr 2017 14:05:28 iMES_Data_Parser.py[line:13] INFO d:\3317\project\80335\4.20170406-REV1\561C\reports\MaterialWeld.TXT is Raw.
Thu, 06 Apr 2017 14:05:28 iMES_Data_Parser.py[line:13] INFO d:\3317\project\80335\4.20170406-REV1\561C\reports\WeldingList.TXT is Raw.
Thu, 06 Apr 2017 14:05:28 iMES_Data_Parser.py[line:13] INFO d:\3317\project\80335\4.20170406-REV1\561D\reports\CutingList.TXT is Raw.
Thu, 06 Apr 2017 14:05:28 iMES_Data_Parser.py[line:13] INFO d:\3317\project\80335\4.20170406-REV1\561D\reports\MaterialList.TXT is Raw.
Thu, 06 Apr 2017 14:05:28 iMES_Data_Parser.py[line:13] INFO d:\3317\project\80335\4.20170406-REV1\561D\reports\MaterialWeld.TXT is Raw.
Thu, 06 Apr 2017 14:05:28 iMES_Data_Parser.py[line:13] INFO d:\3317\project\80335\4.20170406-REV1\561D\reports\WeldingList.TXT is Raw.
Thu, 06 Apr 2017 14:05:28 iMES_Data_Parser.py[line:13] INFO d:\3317\project\80335\4.20170406-REV1\561R\reports\CutingList.TXT is Raw.
Thu, 06 Apr 2017 14:05:28 iMES_Data_Parser.py[line:13] INFO d:\3317\project\80335\4.20170406-REV1\561R\reports\MaterialList.TXT is Raw.
Thu, 06 Apr 2017 14:05:28 iMES_Data_Parser.py[line:13] INFO d:\3317\project\80335\4.20170406-REV1\561R\reports\MaterialWeld.TXT is Raw.
Thu, 06 Apr 2017 14:05:28 iMES_Data_Parser.py[line:13] INFO d:\3317\project\80335\4.20170406-REV1\561R\reports\WeldingList.TXT is Raw.
Thu, 06 Apr 2017 14:05:52 iMES_Data_Parser.py[line:13] INFO d:\3317\project\80335\4.20170406-REV1\501A\reports\CutingList.TXT is Raw.
Thu, 06 Apr 2017 14:05:52 iMES_Data_Parser.py[line:13] INFO d:\3317\project\80335\4.20170406-REV1\501A\reports\MaterialList.TXT is Raw.
Thu, 06 Apr 2017 14:05:52 iMES_Data_Parser.py[line:13] INFO d:\3317\project\80335\4.20170406-REV1\501A\reports\MaterialWeld.TXT is Raw.
Thu, 06 Apr 2017 14:05:52 iMES_Data_Parser.py[line:13] INFO d:\3317\project\80335\4.20170406-REV1\501A\reports\WeldingList.TXT is Raw.
Thu, 06 Apr 2017 14:05:52 iMES_Data_Parser.py[line:13] INFO d:\3317\project\80335\4.20170406-REV1\501B\reports\CutingList.TXT is Raw.
Thu, 06 Apr 2017 14:05:52 iMES_Data_Parser.py[line:13] INFO d:\3317\project\80335\4.20170406-REV1\501B\reports\MaterialList.TXT is Raw.
Thu, 06 Apr 2017 14:05:52 iMES_Data_Parser.py[line:13] INFO d:\3317\project\80335\4.20170406-REV1\501B\reports\MaterialWeld.TXT is Raw.
Thu, 06 Apr 2017 14:05:52 iMES_Data_Parser.py[line:13] INFO d:\3317\project\80335\4.20170406-REV1\501B\reports\WeldingList.TXT is Raw.
Thu, 06 Apr 2017 14:05:52 iMES_Data_Parser.py[line:13] INFO d:\3317\project\80335\4.20170406-REV1\531A\reports\CutingList.TXT is Raw.
Thu, 06 Apr 2017 14:05:52 iMES_Data_Parser.py[line:13] INFO d:\3317\project\80335\4.20170406-REV1\531A\reports\MaterialList.TXT is Raw.
Thu, 06 Apr 2017 14:05:52 iMES_Data_Parser.py[line:13] INFO d:\3317\project\80335\4.20170406-REV1\531A\reports\MaterialWeld.TXT is Raw.
Thu, 06 Apr 2017 14:05:52 iMES_Data_Parser.py[line:13] INFO d:\3317\project\80335\4.20170406-REV1\531A\reports\WeldingList.TXT is Raw.
Thu, 06 Apr 2017 14:05:52 iMES_Data_Parser.py[line:13] INFO d:\3317\project\80335\4.20170406-REV1\531B\reports\CutingList.TXT is Raw.
Thu, 06 Apr 2017 14:05:52 iMES_Data_Parser.py[line:13] INFO d:\3317\project\80335\4.20170406-REV1\531B\reports\MaterialList.TXT is Raw.
Thu, 06 Apr 2017 14:05:52 iMES_Data_Parser.py[line:13] INFO d:\3317\project\80335\4.20170406-REV1\531B\reports\MaterialWeld.TXT is Raw.
Thu, 06 Apr 2017 14:05:52 iMES_Data_Parser.py[line:13] INFO d:\3317\project\80335\4.20170406-REV1\531B\reports\WeldingList.TXT is Raw.
Thu, 06 Apr 2017 14:05:52 iMES_Data_Parser.py[line:13] INFO d:\3317\project\80335\4.20170406-REV1\561B\reports\CutingList.TXT is Raw.
Thu, 06 Apr 2017 14:05:52 iMES_Data_Parser.py[line:13] INFO d:\3317\project\80335\4.20170406-REV1\561B\reports\MaterialList.TXT is Raw.
Thu, 06 Apr 2017 14:05:52 iMES_Data_Parser.py[line:13] INFO d:\3317\project\80335\4.20170406-REV1\561B\reports\MaterialWeld.TXT is Raw.
Thu, 06 Apr 2017 14:05:52 iMES_Data_Parser.py[line:13] INFO d:\3317\project\80335\4.20170406-REV1\561B\reports\WeldingList.TXT is Raw.
Thu, 06 Apr 2017 14:05:52 iMES_Data_Parser.py[line:13] INFO d:\3317\project\80335\4.20170406-REV1\561C\reports\CutingList.TXT is Raw.
Thu, 06 Apr 2017 14:05:52 iMES_Data_Parser.py[line:13] INFO d:\3317\project\80335\4.20170406-REV1\561C\reports\MaterialList.TXT is Raw.
Thu, 06 Apr 2017 14:05:52 iMES_Data_Parser.py[line:13] INFO d:\3317\project\80335\4.20170406-REV1\561C\reports\MaterialWeld.TXT is Raw.
Thu, 06 Apr 2017 14:05:52 iMES_Data_Parser.py[line:13] INFO d:\3317\project\80335\4.20170406-REV1\561C\reports\WeldingList.TXT is Raw.
Thu, 06 Apr 2017 14:05:52 iMES_Data_Parser.py[line:13] INFO d:\3317\project\80335\4.20170406-REV1\561D\reports\CutingList.TXT is Raw.
Thu, 06 Apr 2017 14:05:52 iMES_Data_Parser.py[line:13] INFO d:\3317\project\80335\4.20170406-REV1\561D\reports\MaterialList.TXT is Raw.
Thu, 06 Apr 2017 14:05:52 iMES_Data_Parser.py[line:13] INFO d:\3317\project\80335\4.20170406-REV1\561D\reports\MaterialWeld.TXT is Raw.
Thu, 06 Apr 2017 14:05:52 iMES_Data_Parser.py[line:13] INFO d:\3317\project\80335\4.20170406-REV1\561D\reports\WeldingList.TXT is Raw.
Thu, 06 Apr 2017 14:05:52 iMES_Data_Parser.py[line:13] INFO d:\3317\project\80335\4.20170406-REV1\561R\reports\CutingList.TXT is Raw.
Thu, 06 Apr 2017 14:05:52 iMES_Data_Parser.py[line:13] INFO d:\3317\project\80335\4.20170406-REV1\561R\reports\MaterialList.TXT is Raw.
Thu, 06 Apr 2017 14:05:52 iMES_Data_Parser.py[line:13] INFO d:\3317\project\80335\4.20170406-REV1\561R\reports\MaterialWeld.TXT is Raw.
Thu, 06 Apr 2017 14:05:52 iMES_Data_Parser.py[line:13] INFO d:\3317\project\80335\4.20170406-REV1\561R\reports\WeldingList.TXT is Raw.
Thu, 06 Apr 2017 14:06:31 iMES_Data_Parser.py[line:13] INFO d:\3317\project\80335\4.20170406-REV1\501A\reports\CutingList.TXT is Raw.
Thu, 06 Apr 2017 14:06:31 iMES_Data_Parser.py[line:13] INFO d:\3317\project\80335\4.20170406-REV1\501A\reports\MaterialList.TXT is Raw.
Thu, 06 Apr 2017 14:06:31 iMES_Data_Parser.py[line:13] INFO d:\3317\project\80335\4.20170406-REV1\501A\reports\MaterialWeld.TXT is Raw.
Thu, 06 Apr 2017 14:06:31 iMES_Data_Parser.py[line:13] INFO d:\3317\project\80335\4.20170406-REV1\501A\reports\WeldingList.TXT is Raw.
Thu, 06 Apr 2017 14:06:31 iMES_Data_Parser.py[line:13] INFO d:\3317\project\80335\4.20170406-REV1\501B\reports\CutingList.TXT is Raw.
Thu, 06 Apr 2017 14:06:31 iMES_Data_Parser.py[line:13] INFO d:\3317\project\80335\4.20170406-REV1\501B\reports\MaterialList.TXT is Raw.
Thu, 06 Apr 2017 14:06:31 iMES_Data_Parser.py[line:13] INFO d:\3317\project\80335\4.20170406-REV1\501B\reports\MaterialWeld.TXT is Raw.
Thu, 06 Apr 2017 14:06:31 iMES_Data_Parser.py[line:13] INFO d:\3317\project\80335\4.20170406-REV1\501B\reports\WeldingList.TXT is Raw.
Thu, 06 Apr 2017 14:06:31 iMES_Data_Parser.py[line:13] INFO d:\3317\project\80335\4.20170406-REV1\531A\reports\CutingList.TXT is Raw.
Thu, 06 Apr 2017 14:06:31 iMES_Data_Parser.py[line:13] INFO d:\3317\project\80335\4.20170406-REV1\531A\reports\MaterialList.TXT is Raw.
Thu, 06 Apr 2017 14:06:31 iMES_Data_Parser.py[line:13] INFO d:\3317\project\80335\4.20170406-REV1\531A\reports\MaterialWeld.TXT is Raw.
Thu, 06 Apr 2017 14:06:31 iMES_Data_Parser.py[line:13] INFO d:\3317\project\80335\4.20170406-REV1\531A\reports\WeldingList.TXT is Raw.
Thu, 06 Apr 2017 14:06:31 iMES_Data_Parser.py[line:13] INFO d:\3317\project\80335\4.20170406-REV1\531B\reports\CutingList.TXT is Raw.
Thu, 06 Apr 2017 14:06:31 iMES_Data_Parser.py[line:13] INFO d:\3317\project\80335\4.20170406-REV1\531B\reports\MaterialList.TXT is Raw.
Thu, 06 Apr 2017 14:06:31 iMES_Data_Parser.py[line:13] INFO d:\3317\project\80335\4.20170406-REV1\531B\reports\MaterialWeld.TXT is Raw.
Thu, 06 Apr 2017 14:06:31 iMES_Data_Parser.py[line:13] INFO d:\3317\project\80335\4.20170406-REV1\531B\reports\WeldingList.TXT is Raw.
Thu, 06 Apr 2017 14:06:31 iMES_Data_Parser.py[line:13] INFO d:\3317\project\80335\4.20170406-REV1\561B\reports\CutingList.TXT is Raw.
Thu, 06 Apr 2017 14:06:31 iMES_Data_Parser.py[line:13] INFO d:\3317\project\80335\4.20170406-REV1\561B\reports\MaterialList.TXT is Raw.
Thu, 06 Apr 2017 14:06:31 iMES_Data_Parser.py[line:13] INFO d:\3317\project\80335\4.20170406-REV1\561B\reports\MaterialWeld.TXT is Raw.
Thu, 06 Apr 2017 14:06:31 iMES_Data_Parser.py[line:13] INFO d:\3317\project\80335\4.20170406-REV1\561B\reports\WeldingList.TXT is Raw.
Thu, 06 Apr 2017 14:06:31 iMES_Data_Parser.py[line:13] INFO d:\3317\project\80335\4.20170406-REV1\561C\reports\CutingList.TXT is Raw.
Thu, 06 Apr 2017 14:06:31 iMES_Data_Parser.py[line:13] INFO d:\3317\project\80335\4.20170406-REV1\561C\reports\MaterialList.TXT is Raw.
Thu, 06 Apr 2017 14:06:31 iMES_Data_Parser.py[line:13] INFO d:\3317\project\80335\4.20170406-REV1\561C\reports\MaterialWeld.TXT is Raw.
Thu, 06 Apr 2017 14:06:31 iMES_Data_Parser.py[line:13] INFO d:\3317\project\80335\4.20170406-REV1\561C\reports\WeldingList.TXT is Raw.
Thu, 06 Apr 2017 14:06:31 iMES_Data_Parser.py[line:13] INFO d:\3317\project\80335\4.20170406-REV1\561D\reports\CutingList.TXT is Raw.
Thu, 06 Apr 2017 14:06:31 iMES_Data_Parser.py[line:13] INFO d:\3317\project\80335\4.20170406-REV1\561D\reports\MaterialList.TXT is Raw.
Thu, 06 Apr 2017 14:06:31 iMES_Data_Parser.py[line:13] INFO d:\3317\project\80335\4.20170406-REV1\561D\reports\MaterialWeld.TXT is Raw.
Thu, 06 Apr 2017 14:06:31 iMES_Data_Parser.py[line:13] INFO d:\3317\project\80335\4.20170406-REV1\561D\reports\WeldingList.TXT is Raw.
Thu, 06 Apr 2017 14:06:31 iMES_Data_Parser.py[line:13] INFO d:\3317\project\80335\4.20170406-REV1\561R\reports\CutingList.TXT is Raw.
Thu, 06 Apr 2017 14:06:31 iMES_Data_Parser.py[line:13] INFO d:\3317\project\80335\4.20170406-REV1\561R\reports\MaterialList.TXT is Raw.
Thu, 06 Apr 2017 14:06:31 iMES_Data_Parser.py[line:13] INFO d:\3317\project\80335\4.20170406-REV1\561R\reports\MaterialWeld.TXT is Raw.
Thu, 06 Apr 2017 14:06:31 iMES_Data_Parser.py[line:13] INFO d:\3317\project\80335\4.20170406-REV1\561R\reports\WeldingList.TXT is Raw.
Thu, 06 Apr 2017 14:10:28 iMES_Data_Parser.py[line:13] INFO d:\3317\project\80335\4.20170406-REV1\501A\reports\CutingList.TXT is Raw.
Thu, 06 Apr 2017 14:10:28 iMES_Data_Parser.py[line:13] INFO d:\3317\project\80335\4.20170406-REV1\501A\reports\MaterialList.TXT is Raw.
Thu, 06 Apr 2017 14:10:28 iMES_Data_Parser.py[line:13] INFO d:\3317\project\80335\4.20170406-REV1\501A\reports\MaterialWeld.TXT is Raw.
Thu, 06 Apr 2017 14:10:28 iMES_Data_Parser.py[line:13] INFO d:\3317\project\80335\4.20170406-REV1\501A\reports\WeldingList.TXT is Raw.
Thu, 06 Apr 2017 14:10:28 iMES_Data_Parser.py[line:13] INFO d:\3317\project\80335\4.20170406-REV1\501B\reports\CutingList.TXT is Raw.
Thu, 06 Apr 2017 14:10:28 iMES_Data_Parser.py[line:13] INFO d:\3317\project\80335\4.20170406-REV1\501B\reports\MaterialList.TXT is Raw.
Thu, 06 Apr 2017 14:10:28 iMES_Data_Parser.py[line:13] INFO d:\3317\project\80335\4.20170406-REV1\501B\reports\MaterialWeld.TXT is Raw.
Thu, 06 Apr 2017 14:10:28 iMES_Data_Parser.py[line:13] INFO d:\3317\project\80335\4.20170406-REV1\501B\reports\WeldingList.TXT is Raw.
Thu, 06 Apr 2017 14:10:28 iMES_Data_Parser.py[line:13] INFO d:\3317\project\80335\4.20170406-REV1\531A\reports\CutingList.TXT is Raw.
Thu, 06 Apr 2017 14:10:28 iMES_Data_Parser.py[line:13] INFO d:\3317\project\80335\4.20170406-REV1\531A\reports\MaterialList.TXT is Raw.
Thu, 06 Apr 2017 14:10:28 iMES_Data_Parser.py[line:13] INFO d:\3317\project\80335\4.20170406-REV1\531A\reports\MaterialWeld.TXT is Raw.
Thu, 06 Apr 2017 14:10:28 iMES_Data_Parser.py[line:13] INFO d:\3317\project\80335\4.20170406-REV1\531A\reports\WeldingList.TXT is Raw.
Thu, 06 Apr 2017 14:10:28 iMES_Data_Parser.py[line:13] INFO d:\3317\project\80335\4.20170406-REV1\531B\reports\CutingList.TXT is Raw.
Thu, 06 Apr 2017 14:10:28 iMES_Data_Parser.py[line:13] INFO d:\3317\project\80335\4.20170406-REV1\531B\reports\MaterialList.TXT is Raw.
Thu, 06 Apr 2017 14:10:28 iMES_Data_Parser.py[line:13] INFO d:\3317\project\80335\4.20170406-REV1\531B\reports\MaterialWeld.TXT is Raw.
Thu, 06 Apr 2017 14:10:28 iMES_Data_Parser.py[line:13] INFO d:\3317\project\80335\4.20170406-REV1\531B\reports\WeldingList.TXT is Raw.
Thu, 06 Apr 2017 14:10:28 iMES_Data_Parser.py[line:13] INFO d:\3317\project\80335\4.20170406-REV1\561B\reports\CutingList.TXT is Raw.
Thu, 06 Apr 2017 14:10:28 iMES_Data_Parser.py[line:13] INFO d:\3317\project\80335\4.20170406-REV1\561B\reports\MaterialList.TXT is Raw.
Thu, 06 Apr 2017 14:10:28 iMES_Data_Parser.py[line:13] INFO d:\3317\project\80335\4.20170406-REV1\561B\reports\MaterialWeld.TXT is Raw.
Thu, 06 Apr 2017 14:10:28 iMES_Data_Parser.py[line:13] INFO d:\3317\project\80335\4.20170406-REV1\561B\reports\WeldingList.TXT is Raw.
Thu, 06 Apr 2017 14:10:28 iMES_Data_Parser.py[line:13] INFO d:\3317\project\80335\4.20170406-REV1\561C\reports\CutingList.TXT is Raw.
Thu, 06 Apr 2017 14:10:28 iMES_Data_Parser.py[line:13] INFO d:\3317\project\80335\4.20170406-REV1\561C\reports\MaterialList.TXT is Raw.
Thu, 06 Apr 2017 14:10:28 iMES_Data_Parser.py[line:13] INFO d:\3317\project\80335\4.20170406-REV1\561C\reports\MaterialWeld.TXT is Raw.
Thu, 06 Apr 2017 14:10:28 iMES_Data_Parser.py[line:13] INFO d:\3317\project\80335\4.20170406-REV1\561C\reports\WeldingList.TXT is Raw.
Thu, 06 Apr 2017 14:10:28 iMES_Data_Parser.py[line:13] INFO d:\3317\project\80335\4.20170406-REV1\561D\reports\CutingList.TXT is Raw.
Thu, 06 Apr 2017 14:10:28 iMES_Data_Parser.py[line:13] INFO d:\3317\project\80335\4.20170406-REV1\561D\reports\MaterialList.TXT is Raw.
Thu, 06 Apr 2017 14:10:28 iMES_Data_Parser.py[line:13] INFO d:\3317\project\80335\4.20170406-REV1\561D\reports\MaterialWeld.TXT is Raw.
Thu, 06 Apr 2017 14:10:28 iMES_Data_Parser.py[line:13] INFO d:\3317\project\80335\4.20170406-REV1\561D\reports\WeldingList.TXT is Raw.
Thu, 06 Apr 2017 14:10:28 iMES_Data_Parser.py[line:13] INFO d:\3317\project\80335\4.20170406-REV1\561R\reports\CutingList.TXT is Raw.
Thu, 06 Apr 2017 14:10:28 iMES_Data_Parser.py[line:13] INFO d:\3317\project\80335\4.20170406-REV1\561R\reports\MaterialList.TXT is Raw.
Thu, 06 Apr 2017 14:10:28 iMES_Data_Parser.py[line:13] INFO d:\3317\project\80335\4.20170406-REV1\561R\reports\MaterialWeld.TXT is Raw.
Thu, 06 Apr 2017 14:10:28 iMES_Data_Parser.py[line:13] INFO d:\3317\project\80335\4.20170406-REV1\561R\reports\WeldingList.TXT is Raw.
Thu, 06 Apr 2017 14:11:16 iMES_Data_Parser.py[line:13] INFO d:\3317\project\80335\4.20170406-REV1\501A\reports\CutingList.TXT is Raw.
Thu, 06 Apr 2017 14:11:16 iMES_Data_Parser.py[line:13] INFO d:\3317\project\80335\4.20170406-REV1\501A\reports\MaterialList.TXT is Raw.
Thu, 06 Apr 2017 14:11:16 iMES_Data_Parser.py[line:13] INFO d:\3317\project\80335\4.20170406-REV1\501A\reports\MaterialWeld.TXT is Raw.
Thu, 06 Apr 2017 14:11:16 iMES_Data_Parser.py[line:13] INFO d:\3317\project\80335\4.20170406-REV1\501A\reports\WeldingList.TXT is Raw.
Thu, 06 Apr 2017 14:11:16 iMES_Data_Parser.py[line:13] INFO d:\3317\project\80335\4.20170406-REV1\501B\reports\CutingList.TXT is Raw.
Thu, 06 Apr 2017 14:11:16 iMES_Data_Parser.py[line:13] INFO d:\3317\project\80335\4.20170406-REV1\501B\reports\MaterialList.TXT is Raw.
Thu, 06 Apr 2017 14:11:16 iMES_Data_Parser.py[line:13] INFO d:\3317\project\80335\4.20170406-REV1\501B\reports\MaterialWeld.TXT is Raw.
Thu, 06 Apr 2017 14:11:16 iMES_Data_Parser.py[line:13] INFO d:\3317\project\80335\4.20170406-REV1\501B\reports\WeldingList.TXT is Raw.
Thu, 06 Apr 2017 14:11:16 iMES_Data_Parser.py[line:13] INFO d:\3317\project\80335\4.20170406-REV1\531A\reports\CutingList.TXT is Raw.
Thu, 06 Apr 2017 14:11:16 iMES_Data_Parser.py[line:13] INFO d:\3317\project\80335\4.20170406-REV1\531A\reports\MaterialList.TXT is Raw.
Thu, 06 Apr 2017 14:11:16 iMES_Data_Parser.py[line:13] INFO d:\3317\project\80335\4.20170406-REV1\531A\reports\MaterialWeld.TXT is Raw.
Thu, 06 Apr 2017 14:11:16 iMES_Data_Parser.py[line:13] INFO d:\3317\project\80335\4.20170406-REV1\531A\reports\WeldingList.TXT is Raw.
Thu, 06 Apr 2017 14:11:16 iMES_Data_Parser.py[line:13] INFO d:\3317\project\80335\4.20170406-REV1\531B\reports\CutingList.TXT is Raw.
Thu, 06 Apr 2017 14:11:16 iMES_Data_Parser.py[line:13] INFO d:\3317\project\80335\4.20170406-REV1\531B\reports\MaterialList.TXT is Raw.
Thu, 06 Apr 2017 14:11:16 iMES_Data_Parser.py[line:13] INFO d:\3317\project\80335\4.20170406-REV1\531B\reports\MaterialWeld.TXT is Raw.
Thu, 06 Apr 2017 14:11:16 iMES_Data_Parser.py[line:13] INFO d:\3317\project\80335\4.20170406-REV1\531B\reports\WeldingList.TXT is Raw.
Thu, 06 Apr 2017 14:11:16 iMES_Data_Parser.py[line:13] INFO d:\3317\project\80335\4.20170406-REV1\561B\reports\CutingList.TXT is Raw.
Thu, 06 Apr 2017 14:11:16 iMES_Data_Parser.py[line:13] INFO d:\3317\project\80335\4.20170406-REV1\561B\reports\MaterialList.TXT is Raw.
Thu, 06 Apr 2017 14:11:16 iMES_Data_Parser.py[line:13] INFO d:\3317\project\80335\4.20170406-REV1\561B\reports\MaterialWeld.TXT is Raw.
Thu, 06 Apr 2017 14:11:16 iMES_Data_Parser.py[line:13] INFO d:\3317\project\80335\4.20170406-REV1\561B\reports\WeldingList.TXT is Raw.
Thu, 06 Apr 2017 14:11:16 iMES_Data_Parser.py[line:13] INFO d:\3317\project\80335\4.20170406-REV1\561C\reports\CutingList.TXT is Raw.
Thu, 06 Apr 2017 14:11:16 iMES_Data_Parser.py[line:13] INFO d:\3317\project\80335\4.20170406-REV1\561C\reports\MaterialList.TXT is Raw.
Thu, 06 Apr 2017 14:11:16 iMES_Data_Parser.py[line:13] INFO d:\3317\project\80335\4.20170406-REV1\561C\reports\MaterialWeld.TXT is Raw.
Thu, 06 Apr 2017 14:11:16 iMES_Data_Parser.py[line:13] INFO d:\3317\project\80335\4.20170406-REV1\561C\reports\WeldingList.TXT is Raw.
Thu, 06 Apr 2017 14:11:16 iMES_Data_Parser.py[line:13] INFO d:\3317\project\80335\4.20170406-REV1\561D\reports\CutingList.TXT is Raw.
Thu, 06 Apr 2017 14:11:16 iMES_Data_Parser.py[line:13] INFO d:\3317\project\80335\4.20170406-REV1\561D\reports\MaterialList.TXT is Raw.
Thu, 06 Apr 2017 14:11:16 iMES_Data_Parser.py[line:13] INFO d:\3317\project\80335\4.20170406-REV1\561D\reports\MaterialWeld.TXT is Raw.
Thu, 06 Apr 2017 14:11:16 iMES_Data_Parser.py[line:13] INFO d:\3317\project\80335\4.20170406-REV1\561D\reports\WeldingList.TXT is Raw.
Thu, 06 Apr 2017 14:11:16 iMES_Data_Parser.py[line:13] INFO d:\3317\project\80335\4.20170406-REV1\561R\reports\CutingList.TXT is Raw.
Thu, 06 Apr 2017 14:11:16 iMES_Data_Parser.py[line:13] INFO d:\3317\project\80335\4.20170406-REV1\561R\reports\MaterialList.TXT is Raw.
Thu, 06 Apr 2017 14:11:16 iMES_Data_Parser.py[line:13] INFO d:\3317\project\80335\4.20170406-REV1\561R\reports\MaterialWeld.TXT is Raw.
Thu, 06 Apr 2017 14:11:16 iMES_Data_Parser.py[line:13] INFO d:\3317\project\80335\4.20170406-REV1\561R\reports\WeldingList.TXT is Raw.
Thu, 06 Apr 2017 14:11:53 iMES_Data_Parser.py[line:13] INFO d:\3317\project\80335\4.20170406-REV1\501A\reports\CutingList.TXT is Raw.
Thu, 06 Apr 2017 14:11:53 iMES_Data_Parser.py[line:13] INFO d:\3317\project\80335\4.20170406-REV1\501A\reports\MaterialList.TXT is Raw.
Thu, 06 Apr 2017 14:11:53 iMES_Data_Parser.py[line:13] INFO d:\3317\project\80335\4.20170406-REV1\501A\reports\MaterialWeld.TXT is Raw.
Thu, 06 Apr 2017 14:11:53 iMES_Data_Parser.py[line:13] INFO d:\3317\project\80335\4.20170406-REV1\501A\reports\WeldingList.TXT is Raw.
Thu, 06 Apr 2017 14:11:53 iMES_Data_Parser.py[line:13] INFO d:\3317\project\80335\4.20170406-REV1\501B\reports\CutingList.TXT is Raw.
Thu, 06 Apr 2017 14:11:53 iMES_Data_Parser.py[line:13] INFO d:\3317\project\80335\4.20170406-REV1\501B\reports\MaterialList.TXT is Raw.
Thu, 06 Apr 2017 14:11:53 iMES_Data_Parser.py[line:13] INFO d:\3317\project\80335\4.20170406-REV1\501B\reports\MaterialWeld.TXT is Raw.
Thu, 06 Apr 2017 14:11:53 iMES_Data_Parser.py[line:13] INFO d:\3317\project\80335\4.20170406-REV1\501B\reports\WeldingList.TXT is Raw.
Thu, 06 Apr 2017 14:11:53 iMES_Data_Parser.py[line:13] INFO d:\3317\project\80335\4.20170406-REV1\531A\reports\CutingList.TXT is Raw.
Thu, 06 Apr 2017 14:11:53 iMES_Data_Parser.py[line:13] INFO d:\3317\project\80335\4.20170406-REV1\531A\reports\MaterialList.TXT is Raw.
Thu, 06 Apr 2017 14:11:53 iMES_Data_Parser.py[line:13] INFO d:\3317\project\80335\4.20170406-REV1\531A\reports\MaterialWeld.TXT is Raw.
Thu, 06 Apr 2017 14:11:53 iMES_Data_Parser.py[line:13] INFO d:\3317\project\80335\4.20170406-REV1\531A\reports\WeldingList.TXT is Raw.
Thu, 06 Apr 2017 14:11:53 iMES_Data_Parser.py[line:13] INFO d:\3317\project\80335\4.20170406-REV1\531B\reports\CutingList.TXT is Raw.
Thu, 06 Apr 2017 14:11:53 iMES_Data_Parser.py[line:13] INFO d:\3317\project\80335\4.20170406-REV1\531B\reports\MaterialList.TXT is Raw.
Thu, 06 Apr 2017 14:11:53 iMES_Data_Parser.py[line:13] INFO d:\3317\project\80335\4.20170406-REV1\531B\reports\MaterialWeld.TXT is Raw.
Thu, 06 Apr 2017 14:11:53 iMES_Data_Parser.py[line:13] INFO d:\3317\project\80335\4.20170406-REV1\531B\reports\WeldingList.TXT is Raw.
Thu, 06 Apr 2017 14:11:53 iMES_Data_Parser.py[line:13] INFO d:\3317\project\80335\4.20170406-REV1\561B\reports\CutingList.TXT is Raw.
Thu, 06 Apr 2017 14:11:53 iMES_Data_Parser.py[line:13] INFO d:\3317\project\80335\4.20170406-REV1\561B\reports\MaterialList.TXT is Raw.
Thu, 06 Apr 2017 14:11:53 iMES_Data_Parser.py[line:13] INFO d:\3317\project\80335\4.20170406-REV1\561B\reports\MaterialWeld.TXT is Raw.
Thu, 06 Apr 2017 14:11:53 iMES_Data_Parser.py[line:13] INFO d:\3317\project\80335\4.20170406-REV1\561B\reports\WeldingList.TXT is Raw.
Thu, 06 Apr 2017 14:11:53 iMES_Data_Parser.py[line:13] INFO d:\3317\project\80335\4.20170406-REV1\561C\reports\CutingList.TXT is Raw.
Thu, 06 Apr 2017 14:11:53 iMES_Data_Parser.py[line:13] INFO d:\3317\project\80335\4.20170406-REV1\561C\reports\MaterialList.TXT is Raw.
Thu, 06 Apr 2017 14:11:53 iMES_Data_Parser.py[line:13] INFO d:\3317\project\80335\4.20170406-REV1\561C\reports\MaterialWeld.TXT is Raw.
Thu, 06 Apr 2017 14:11:53 iMES_Data_Parser.py[line:13] INFO d:\3317\project\80335\4.20170406-REV1\561C\reports\WeldingList.TXT is Raw.
Thu, 06 Apr 2017 14:11:53 iMES_Data_Parser.py[line:13] INFO d:\3317\project\80335\4.20170406-REV1\561D\reports\CutingList.TXT is Raw.
Thu, 06 Apr 2017 14:11:53 iMES_Data_Parser.py[line:13] INFO d:\3317\project\80335\4.20170406-REV1\561D\reports\MaterialList.TXT is Raw.
Thu, 06 Apr 2017 14:11:53 iMES_Data_Parser.py[line:13] INFO d:\3317\project\80335\4.20170406-REV1\561D\reports\MaterialWeld.TXT is Raw.
Thu, 06 Apr 2017 14:11:53 iMES_Data_Parser.py[line:13] INFO d:\3317\project\80335\4.20170406-REV1\561D\reports\WeldingList.TXT is Raw.
Thu, 06 Apr 2017 14:11:53 iMES_Data_Parser.py[line:13] INFO d:\3317\project\80335\4.20170406-REV1\561R\reports\CutingList.TXT is Raw.
Thu, 06 Apr 2017 14:11:53 iMES_Data_Parser.py[line:13] INFO d:\3317\project\80335\4.20170406-REV1\561R\reports\MaterialList.TXT is Raw.
Thu, 06 Apr 2017 14:11:53 iMES_Data_Parser.py[line:13] INFO d:\3317\project\80335\4.20170406-REV1\561R\reports\MaterialWeld.TXT is Raw.
Thu, 06 Apr 2017 14:11:53 iMES_Data_Parser.py[line:13] INFO d:\3317\project\80335\4.20170406-REV1\561R\reports\WeldingList.TXT is Raw.
Thu, 06 Apr 2017 14:12:17 iMES_Data_Parser.py[line:13] INFO d:\3317\project\80335\4.20170406-REV1\501A\reports\CutingList.TXT is Raw.
Thu, 06 Apr 2017 14:12:17 iMES_Data_Parser.py[line:13] INFO d:\3317\project\80335\4.20170406-REV1\501A\reports\MaterialList.TXT is Raw.
Thu, 06 Apr 2017 14:12:17 iMES_Data_Parser.py[line:13] INFO d:\3317\project\80335\4.20170406-REV1\501A\reports\MaterialWeld.TXT is Raw.
Thu, 06 Apr 2017 14:12:17 iMES_Data_Parser.py[line:13] INFO d:\3317\project\80335\4.20170406-REV1\501A\reports\WeldingList.TXT is Raw.
Thu, 06 Apr 2017 14:12:17 iMES_Data_Parser.py[line:13] INFO d:\3317\project\80335\4.20170406-REV1\501B\reports\CutingList.TXT is Raw.
Thu, 06 Apr 2017 14:12:17 iMES_Data_Parser.py[line:13] INFO d:\3317\project\80335\4.20170406-REV1\501B\reports\MaterialList.TXT is Raw.
Thu, 06 Apr 2017 14:12:17 iMES_Data_Parser.py[line:13] INFO d:\3317\project\80335\4.20170406-REV1\501B\reports\MaterialWeld.TXT is Raw.
Thu, 06 Apr 2017 14:12:17 iMES_Data_Parser.py[line:13] INFO d:\3317\project\80335\4.20170406-REV1\501B\reports\WeldingList.TXT is Raw.
Thu, 06 Apr 2017 14:12:17 iMES_Data_Parser.py[line:13] INFO d:\3317\project\80335\4.20170406-REV1\531A\reports\CutingList.TXT is Raw.
Thu, 06 Apr 2017 14:12:17 iMES_Data_Parser.py[line:13] INFO d:\3317\project\80335\4.20170406-REV1\531A\reports\MaterialList.TXT is Raw.
Thu, 06 Apr 2017 14:12:17 iMES_Data_Parser.py[line:13] INFO d:\3317\project\80335\4.20170406-REV1\531A\reports\MaterialWeld.TXT is Raw.
Thu, 06 Apr 2017 14:12:17 iMES_Data_Parser.py[line:13] INFO d:\3317\project\80335\4.20170406-REV1\531A\reports\WeldingList.TXT is Raw.
Thu, 06 Apr 2017 14:12:17 iMES_Data_Parser.py[line:13] INFO d:\3317\project\80335\4.20170406-REV1\531B\reports\CutingList.TXT is Raw.
Thu, 06 Apr 2017 14:12:17 iMES_Data_Parser.py[line:13] INFO d:\3317\project\80335\4.20170406-REV1\531B\reports\MaterialList.TXT is Raw.
Thu, 06 Apr 2017 14:12:17 iMES_Data_Parser.py[line:13] INFO d:\3317\project\80335\4.20170406-REV1\531B\reports\MaterialWeld.TXT is Raw.
Thu, 06 Apr 2017 14:12:17 iMES_Data_Parser.py[line:13] INFO d:\3317\project\80335\4.20170406-REV1\531B\reports\WeldingList.TXT is Raw.
Thu, 06 Apr 2017 14:12:17 iMES_Data_Parser.py[line:13] INFO d:\3317\project\80335\4.20170406-REV1\561B\reports\CutingList.TXT is Raw.
Thu, 06 Apr 2017 14:12:17 iMES_Data_Parser.py[line:13] INFO d:\3317\project\80335\4.20170406-REV1\561B\reports\MaterialList.TXT is Raw.
Thu, 06 Apr 2017 14:12:17 iMES_Data_Parser.py[line:13] INFO d:\3317\project\80335\4.20170406-REV1\561B\reports\MaterialWeld.TXT is Raw.
Thu, 06 Apr 2017 14:12:17 iMES_Data_Parser.py[line:13] INFO d:\3317\project\80335\4.20170406-REV1\561B\reports\WeldingList.TXT is Raw.
Thu, 06 Apr 2017 14:12:17 iMES_Data_Parser.py[line:13] INFO d:\3317\project\80335\4.20170406-REV1\561C\reports\CutingList.TXT is Raw.
Thu, 06 Apr 2017 14:12:17 iMES_Data_Parser.py[line:13] INFO d:\3317\project\80335\4.20170406-REV1\561C\reports\MaterialList.TXT is Raw.
Thu, 06 Apr 2017 14:12:17 iMES_Data_Parser.py[line:13] INFO d:\3317\project\80335\4.20170406-REV1\561C\reports\MaterialWeld.TXT is Raw.
Thu, 06 Apr 2017 14:12:17 iMES_Data_Parser.py[line:13] INFO d:\3317\project\80335\4.20170406-REV1\561C\reports\WeldingList.TXT is Raw.
Thu, 06 Apr 2017 14:12:17 iMES_Data_Parser.py[line:13] INFO d:\3317\project\80335\4.20170406-REV1\561D\reports\CutingList.TXT is Raw.
Thu, 06 Apr 2017 14:12:17 iMES_Data_Parser.py[line:13] INFO d:\3317\project\80335\4.20170406-REV1\561D\reports\MaterialList.TXT is Raw.
Thu, 06 Apr 2017 14:12:17 iMES_Data_Parser.py[line:13] INFO d:\3317\project\80335\4.20170406-REV1\561D\reports\MaterialWeld.TXT is Raw.
Thu, 06 Apr 2017 14:12:17 iMES_Data_Parser.py[line:13] INFO d:\3317\project\80335\4.20170406-REV1\561D\reports\WeldingList.TXT is Raw.
Thu, 06 Apr 2017 14:12:17 iMES_Data_Parser.py[line:13] INFO d:\3317\project\80335\4.20170406-REV1\561R\reports\CutingList.TXT is Raw.
Thu, 06 Apr 2017 14:12:17 iMES_Data_Parser.py[line:13] INFO d:\3317\project\80335\4.20170406-REV1\561R\reports\MaterialList.TXT is Raw.
Thu, 06 Apr 2017 14:12:17 iMES_Data_Parser.py[line:13] INFO d:\3317\project\80335\4.20170406-REV1\561R\reports\MaterialWeld.TXT is Raw.
Thu, 06 Apr 2017 14:12:17 iMES_Data_Parser.py[line:13] INFO d:\3317\project\80335\4.20170406-REV1\561R\reports\WeldingList.TXT is Raw.
Thu, 06 Apr 2017 14:12:35 iMES_Data_Parser.py[line:13] INFO d:\3317\project\80335\4.20170406-REV1\501A\reports\CutingList.TXT is Raw.
Thu, 06 Apr 2017 14:12:35 iMES_Data_Parser.py[line:13] INFO d:\3317\project\80335\4.20170406-REV1\501A\reports\MaterialList.TXT is Raw.
Thu, 06 Apr 2017 14:12:35 iMES_Data_Parser.py[line:13] INFO d:\3317\project\80335\4.20170406-REV1\501A\reports\MaterialWeld.TXT is Raw.
Thu, 06 Apr 2017 14:12:36 iMES_Data_Parser.py[line:13] INFO d:\3317\project\80335\4.20170406-REV1\501A\reports\WeldingList.TXT is Raw.
Thu, 06 Apr 2017 14:12:36 iMES_Data_Parser.py[line:13] INFO d:\3317\project\80335\4.20170406-REV1\501B\reports\CutingList.TXT is Raw.
Thu, 06 Apr 2017 14:12:36 iMES_Data_Parser.py[line:13] INFO d:\3317\project\80335\4.20170406-REV1\501B\reports\MaterialList.TXT is Raw.
Thu, 06 Apr 2017 14:12:36 iMES_Data_Parser.py[line:13] INFO d:\3317\project\80335\4.20170406-REV1\501B\reports\MaterialWeld.TXT is Raw.
Thu, 06 Apr 2017 14:12:36 iMES_Data_Parser.py[line:13] INFO d:\3317\project\80335\4.20170406-REV1\501B\reports\WeldingList.TXT is Raw.
Thu, 06 Apr 2017 14:12:36 iMES_Data_Parser.py[line:13] INFO d:\3317\project\80335\4.20170406-REV1\531A\reports\CutingList.TXT is Raw.
Thu, 06 Apr 2017 14:12:36 iMES_Data_Parser.py[line:13] INFO d:\3317\project\80335\4.20170406-REV1\531A\reports\MaterialList.TXT is Raw.
Thu, 06 Apr 2017 14:12:36 iMES_Data_Parser.py[line:13] INFO d:\3317\project\80335\4.20170406-REV1\531A\reports\MaterialWeld.TXT is Raw.
Thu, 06 Apr 2017 14:12:36 iMES_Data_Parser.py[line:13] INFO d:\3317\project\80335\4.20170406-REV1\531A\reports\WeldingList.TXT is Raw.
Thu, 06 Apr 2017 14:12:36 iMES_Data_Parser.py[line:13] INFO d:\3317\project\80335\4.20170406-REV1\531B\reports\CutingList.TXT is Raw.
Thu, 06 Apr 2017 14:12:36 iMES_Data_Parser.py[line:13] INFO d:\3317\project\80335\4.20170406-REV1\531B\reports\MaterialList.TXT is Raw.
Thu, 06 Apr 2017 14:12:36 iMES_Data_Parser.py[line:13] INFO d:\3317\project\80335\4.20170406-REV1\531B\reports\MaterialWeld.TXT is Raw.
Thu, 06 Apr 2017 14:12:36 iMES_Data_Parser.py[line:13] INFO d:\3317\project\80335\4.20170406-REV1\531B\reports\WeldingList.TXT is Raw.
Thu, 06 Apr 2017 14:12:36 iMES_Data_Parser.py[line:13] INFO d:\3317\project\80335\4.20170406-REV1\561B\reports\CutingList.TXT is Raw.
Thu, 06 Apr 2017 14:12:36 iMES_Data_Parser.py[line:13] INFO d:\3317\project\80335\4.20170406-REV1\561B\reports\MaterialList.TXT is Raw.
Thu, 06 Apr 2017 14:12:36 iMES_Data_Parser.py[line:13] INFO d:\3317\project\80335\4.20170406-REV1\561B\reports\MaterialWeld.TXT is Raw.
Thu, 06 Apr 2017 14:12:36 iMES_Data_Parser.py[line:13] INFO d:\3317\project\80335\4.20170406-REV1\561B\reports\WeldingList.TXT is Raw.
Thu, 06 Apr 2017 14:12:36 iMES_Data_Parser.py[line:13] INFO d:\3317\project\80335\4.20170406-REV1\561C\reports\CutingList.TXT is Raw.
Thu, 06 Apr 2017 14:12:36 iMES_Data_Parser.py[line:13] INFO d:\3317\project\80335\4.20170406-REV1\561C\reports\MaterialList.TXT is Raw.
Thu, 06 Apr 2017 14:12:36 iMES_Data_Parser.py[line:13] INFO d:\3317\project\80335\4.20170406-REV1\561C\reports\MaterialWeld.TXT is Raw.
Thu, 06 Apr 2017 14:12:36 iMES_Data_Parser.py[line:13] INFO d:\3317\project\80335\4.20170406-REV1\561C\reports\WeldingList.TXT is Raw.
Thu, 06 Apr 2017 14:12:36 iMES_Data_Parser.py[line:13] INFO d:\3317\project\80335\4.20170406-REV1\561D\reports\CutingList.TXT is Raw.
Thu, 06 Apr 2017 14:12:36 iMES_Data_Parser.py[line:13] INFO d:\3317\project\80335\4.20170406-REV1\561D\reports\MaterialList.TXT is Raw.
Thu, 06 Apr 2017 14:12:36 iMES_Data_Parser.py[line:13] INFO d:\3317\project\80335\4.20170406-REV1\561D\reports\MaterialWeld.TXT is Raw.
Thu, 06 Apr 2017 14:12:36 iMES_Data_Parser.py[line:13] INFO d:\3317\project\80335\4.20170406-REV1\561D\reports\WeldingList.TXT is Raw.
Thu, 06 Apr 2017 14:12:36 iMES_Data_Parser.py[line:13] INFO d:\3317\project\80335\4.20170406-REV1\561R\reports\CutingList.TXT is Raw.
Thu, 06 Apr 2017 14:12:36 iMES_Data_Parser.py[line:13] INFO d:\3317\project\80335\4.20170406-REV1\561R\reports\MaterialList.TXT is Raw.
Thu, 06 Apr 2017 14:12:36 iMES_Data_Parser.py[line:13] INFO d:\3317\project\80335\4.20170406-REV1\561R\reports\MaterialWeld.TXT is Raw.
Thu, 06 Apr 2017 14:12:36 iMES_Data_Parser.py[line:13] INFO d:\3317\project\80335\4.20170406-REV1\561R\reports\WeldingList.TXT is Raw.
Thu, 06 Apr 2017 14:18:11 iMES_Data_Parser.py[line:13] INFO d:\3317\project\80335\4.20170406-REV1\501A\reports\CutingList.TXT is Raw.
Thu, 06 Apr 2017 14:18:11 iMES_Data_Parser.py[line:13] INFO d:\3317\project\80335\4.20170406-REV1\501A\reports\MaterialList.TXT is Raw.
Thu, 06 Apr 2017 14:18:11 iMES_Data_Parser.py[line:13] INFO d:\3317\project\80335\4.20170406-REV1\501A\reports\MaterialWeld.TXT is Raw.
Thu, 06 Apr 2017 14:18:11 iMES_Data_Parser.py[line:13] INFO d:\3317\project\80335\4.20170406-REV1\501A\reports\WeldingList.TXT is Raw.
Thu, 06 Apr 2017 14:18:11 iMES_Data_Parser.py[line:13] INFO d:\3317\project\80335\4.20170406-REV1\501B\reports\CutingList.TXT is Raw.
Thu, 06 Apr 2017 14:18:11 iMES_Data_Parser.py[line:13] INFO d:\3317\project\80335\4.20170406-REV1\501B\reports\MaterialList.TXT is Raw.
Thu, 06 Apr 2017 14:18:11 iMES_Data_Parser.py[line:13] INFO d:\3317\project\80335\4.20170406-REV1\501B\reports\MaterialWeld.TXT is Raw.
Thu, 06 Apr 2017 14:18:11 iMES_Data_Parser.py[line:13] INFO d:\3317\project\80335\4.20170406-REV1\501B\reports\WeldingList.TXT is Raw.
Thu, 06 Apr 2017 14:18:11 iMES_Data_Parser.py[line:13] INFO d:\3317\project\80335\4.20170406-REV1\531A\reports\CutingList.TXT is Raw.
Thu, 06 Apr 2017 14:18:11 iMES_Data_Parser.py[line:13] INFO d:\3317\project\80335\4.20170406-REV1\531A\reports\MaterialList.TXT is Raw.
Thu, 06 Apr 2017 14:18:11 iMES_Data_Parser.py[line:13] INFO d:\3317\project\80335\4.20170406-REV1\531A\reports\MaterialWeld.TXT is Raw.
Thu, 06 Apr 2017 14:18:11 iMES_Data_Parser.py[line:13] INFO d:\3317\project\80335\4.20170406-REV1\531A\reports\WeldingList.TXT is Raw.
Thu, 06 Apr 2017 14:18:11 iMES_Data_Parser.py[line:13] INFO d:\3317\project\80335\4.20170406-REV1\531B\reports\CutingList.TXT is Raw.
Thu, 06 Apr 2017 14:18:11 iMES_Data_Parser.py[line:13] INFO d:\3317\project\80335\4.20170406-REV1\531B\reports\MaterialList.TXT is Raw.
Thu, 06 Apr 2017 14:18:11 iMES_Data_Parser.py[line:13] INFO d:\3317\project\80335\4.20170406-REV1\531B\reports\MaterialWeld.TXT is Raw.
Thu, 06 Apr 2017 14:18:11 iMES_Data_Parser.py[line:13] INFO d:\3317\project\80335\4.20170406-REV1\531B\reports\WeldingList.TXT is Raw.
Thu, 06 Apr 2017 14:18:11 iMES_Data_Parser.py[line:13] INFO d:\3317\project\80335\4.20170406-REV1\561B\reports\CutingList.TXT is Raw.
Thu, 06 Apr 2017 14:18:11 iMES_Data_Parser.py[line:13] INFO d:\3317\project\80335\4.20170406-REV1\561B\reports\MaterialList.TXT is Raw.
Thu, 06 Apr 2017 14:18:11 iMES_Data_Parser.py[line:13] INFO d:\3317\project\80335\4.20170406-REV1\561B\reports\MaterialWeld.TXT is Raw.
Thu, 06 Apr 2017 14:18:11 iMES_Data_Parser.py[line:13] INFO d:\3317\project\80335\4.20170406-REV1\561B\reports\WeldingList.TXT is Raw.
Thu, 06 Apr 2017 14:18:11 iMES_Data_Parser.py[line:13] INFO d:\3317\project\80335\4.20170406-REV1\561C\reports\CutingList.TXT is Raw.
Thu, 06 Apr 2017 14:18:11 iMES_Data_Parser.py[line:13] INFO d:\3317\project\80335\4.20170406-REV1\561C\reports\MaterialList.TXT is Raw.
Thu, 06 Apr 2017 14:18:11 iMES_Data_Parser.py[line:13] INFO d:\3317\project\80335\4.20170406-REV1\561C\reports\MaterialWeld.TXT is Raw.
Thu, 06 Apr 2017 14:18:11 iMES_Data_Parser.py[line:13] INFO d:\3317\project\80335\4.20170406-REV1\561C\reports\WeldingList.TXT is Raw.
Thu, 06 Apr 2017 14:18:11 iMES_Data_Parser.py[line:13] INFO d:\3317\project\80335\4.20170406-REV1\561D\reports\CutingList.TXT is Raw.
Thu, 06 Apr 2017 14:18:11 iMES_Data_Parser.py[line:13] INFO d:\3317\project\80335\4.20170406-REV1\561D\reports\MaterialList.TXT is Raw.
Thu, 06 Apr 2017 14:18:11 iMES_Data_Parser.py[line:13] INFO d:\3317\project\80335\4.20170406-REV1\561D\reports\MaterialWeld.TXT is Raw.
Thu, 06 Apr 2017 14:18:11 iMES_Data_Parser.py[line:13] INFO d:\3317\project\80335\4.20170406-REV1\561D\reports\WeldingList.TXT is Raw.
Thu, 06 Apr 2017 14:18:11 iMES_Data_Parser.py[line:13] INFO d:\3317\project\80335\4.20170406-REV1\561R\reports\CutingList.TXT is Raw.
Thu, 06 Apr 2017 14:18:11 iMES_Data_Parser.py[line:13] INFO d:\3317\project\80335\4.20170406-REV1\561R\reports\MaterialList.TXT is Raw.
Thu, 06 Apr 2017 14:18:11 iMES_Data_Parser.py[line:13] INFO d:\3317\project\80335\4.20170406-REV1\561R\reports\MaterialWeld.TXT is Raw.
Thu, 06 Apr 2017 14:18:11 iMES_Data_Parser.py[line:13] INFO d:\3317\project\80335\4.20170406-REV1\561R\reports\WeldingList.TXT is Raw.
Thu, 06 Apr 2017 14:23:20 iMES_Data_Parser.py[line:13] INFO d:\3317\project\80335\4.20170406-REV1\501A\reports\CutingList.TXT is Raw.
Thu, 06 Apr 2017 14:23:20 iMES_Data_Parser.py[line:13] INFO d:\3317\project\80335\4.20170406-REV1\501A\reports\MaterialList.TXT is Raw.
Thu, 06 Apr 2017 14:23:20 iMES_Data_Parser.py[line:13] INFO d:\3317\project\80335\4.20170406-REV1\501A\reports\MaterialWeld.TXT is Raw.
Thu, 06 Apr 2017 14:23:20 iMES_Data_Parser.py[line:13] INFO d:\3317\project\80335\4.20170406-REV1\501A\reports\WeldingList.TXT is Raw.
Thu, 06 Apr 2017 14:23:20 iMES_Data_Parser.py[line:13] INFO d:\3317\project\80335\4.20170406-REV1\501B\reports\CutingList.TXT is Raw.
Thu, 06 Apr 2017 14:23:20 iMES_Data_Parser.py[line:13] INFO d:\3317\project\80335\4.20170406-REV1\501B\reports\MaterialList.TXT is Raw.
Thu, 06 Apr 2017 14:23:20 iMES_Data_Parser.py[line:13] INFO d:\3317\project\80335\4.20170406-REV1\501B\reports\MaterialWeld.TXT is Raw.
Thu, 06 Apr 2017 14:23:20 iMES_Data_Parser.py[line:13] INFO d:\3317\project\80335\4.20170406-REV1\501B\reports\WeldingList.TXT is Raw.
Thu, 06 Apr 2017 14:23:20 iMES_Data_Parser.py[line:13] INFO d:\3317\project\80335\4.20170406-REV1\531A\reports\CutingList.TXT is Raw.
Thu, 06 Apr 2017 14:23:20 iMES_Data_Parser.py[line:13] INFO d:\3317\project\80335\4.20170406-REV1\531A\reports\MaterialList.TXT is Raw.
Thu, 06 Apr 2017 14:23:20 iMES_Data_Parser.py[line:13] INFO d:\3317\project\80335\4.20170406-REV1\531A\reports\MaterialWeld.TXT is Raw.
Thu, 06 Apr 2017 14:23:20 iMES_Data_Parser.py[line:13] INFO d:\3317\project\80335\4.20170406-REV1\531A\reports\WeldingList.TXT is Raw.
Thu, 06 Apr 2017 14:23:20 iMES_Data_Parser.py[line:13] INFO d:\3317\project\80335\4.20170406-REV1\531B\reports\CutingList.TXT is Raw.
Thu, 06 Apr 2017 14:23:20 iMES_Data_Parser.py[line:13] INFO d:\3317\project\80335\4.20170406-REV1\531B\reports\MaterialList.TXT is Raw.
Thu, 06 Apr 2017 14:23:20 iMES_Data_Parser.py[line:13] INFO d:\3317\project\80335\4.20170406-REV1\531B\reports\MaterialWeld.TXT is Raw.
Thu, 06 Apr 2017 14:23:20 iMES_Data_Parser.py[line:13] INFO d:\3317\project\80335\4.20170406-REV1\531B\reports\WeldingList.TXT is Raw.
Thu, 06 Apr 2017 14:23:20 iMES_Data_Parser.py[line:13] INFO d:\3317\project\80335\4.20170406-REV1\561B\reports\CutingList.TXT is Raw.
Thu, 06 Apr 2017 14:23:20 iMES_Data_Parser.py[line:13] INFO d:\3317\project\80335\4.20170406-REV1\561B\reports\MaterialList.TXT is Raw.
Thu, 06 Apr 2017 14:23:20 iMES_Data_Parser.py[line:13] INFO d:\3317\project\80335\4.20170406-REV1\561B\reports\MaterialWeld.TXT is Raw.
Thu, 06 Apr 2017 14:23:20 iMES_Data_Parser.py[line:13] INFO d:\3317\project\80335\4.20170406-REV1\561B\reports\WeldingList.TXT is Raw.
Thu, 06 Apr 2017 14:23:20 iMES_Data_Parser.py[line:13] INFO d:\3317\project\80335\4.20170406-REV1\561C\reports\CutingList.TXT is Raw.
Thu, 06 Apr 2017 14:23:20 iMES_Data_Parser.py[line:13] INFO d:\3317\project\80335\4.20170406-REV1\561C\reports\MaterialList.TXT is Raw.
Thu, 06 Apr 2017 14:23:20 iMES_Data_Parser.py[line:13] INFO d:\3317\project\80335\4.20170406-REV1\561C\reports\MaterialWeld.TXT is Raw.
Thu, 06 Apr 2017 14:23:20 iMES_Data_Parser.py[line:13] INFO d:\3317\project\80335\4.20170406-REV1\561C\reports\WeldingList.TXT is Raw.
Thu, 06 Apr 2017 14:23:20 iMES_Data_Parser.py[line:13] INFO d:\3317\project\80335\4.20170406-REV1\561D\reports\CutingList.TXT is Raw.
Thu, 06 Apr 2017 14:23:20 iMES_Data_Parser.py[line:13] INFO d:\3317\project\80335\4.20170406-REV1\561D\reports\MaterialList.TXT is Raw.
Thu, 06 Apr 2017 14:23:20 iMES_Data_Parser.py[line:13] INFO d:\3317\project\80335\4.20170406-REV1\561D\reports\MaterialWeld.TXT is Raw.
Thu, 06 Apr 2017 14:23:20 iMES_Data_Parser.py[line:13] INFO d:\3317\project\80335\4.20170406-REV1\561D\reports\WeldingList.TXT is Raw.
Thu, 06 Apr 2017 14:23:20 iMES_Data_Parser.py[line:13] INFO d:\3317\project\80335\4.20170406-REV1\561R\reports\CutingList.TXT is Raw.
Thu, 06 Apr 2017 14:23:20 iMES_Data_Parser.py[line:13] INFO d:\3317\project\80335\4.20170406-REV1\561R\reports\MaterialList.TXT is Raw.
Thu, 06 Apr 2017 14:23:20 iMES_Data_Parser.py[line:13] INFO d:\3317\project\80335\4.20170406-REV1\561R\reports\MaterialWeld.TXT is Raw.
Thu, 06 Apr 2017 14:23:20 iMES_Data_Parser.py[line:13] INFO d:\3317\project\80335\4.20170406-REV1\561R\reports\WeldingList.TXT is Raw.
Thu, 06 Apr 2017 14:56:58 iMES_Data_Parser.py[line:17] INFO d:\3317\project\80335\4.20170406-REV1\501A\reports\CutingList.TXT is Raw.
Thu, 06 Apr 2017 14:56:58 iMES_Data_Parser.py[line:17] INFO d:\3317\project\80335\4.20170406-REV1\501A\reports\MaterialList.TXT is Raw.
Thu, 06 Apr 2017 14:56:58 iMES_Data_Parser.py[line:17] INFO d:\3317\project\80335\4.20170406-REV1\501A\reports\MaterialWeld.TXT is Raw.
Thu, 06 Apr 2017 14:56:58 iMES_Data_Parser.py[line:17] INFO d:\3317\project\80335\4.20170406-REV1\501A\reports\WeldingList.TXT is Raw.
Thu, 06 Apr 2017 14:56:58 iMES_Data_Parser.py[line:17] INFO d:\3317\project\80335\4.20170406-REV1\501B\reports\CutingList.TXT is Raw.
Thu, 06 Apr 2017 14:56:58 iMES_Data_Parser.py[line:17] INFO d:\3317\project\80335\4.20170406-REV1\501B\reports\MaterialList.TXT is Raw.
Thu, 06 Apr 2017 14:56:58 iMES_Data_Parser.py[line:17] INFO d:\3317\project\80335\4.20170406-REV1\501B\reports\MaterialWeld.TXT is Raw.
Thu, 06 Apr 2017 14:56:58 iMES_Data_Parser.py[line:17] INFO d:\3317\project\80335\4.20170406-REV1\501B\reports\WeldingList.TXT is Raw.
Thu, 06 Apr 2017 14:56:58 iMES_Data_Parser.py[line:17] INFO d:\3317\project\80335\4.20170406-REV1\531A\reports\CutingList.TXT is Raw.
Thu, 06 Apr 2017 14:56:58 iMES_Data_Parser.py[line:17] INFO d:\3317\project\80335\4.20170406-REV1\531A\reports\MaterialList.TXT is Raw.
Thu, 06 Apr 2017 14:56:58 iMES_Data_Parser.py[line:17] INFO d:\3317\project\80335\4.20170406-REV1\531A\reports\MaterialWeld.TXT is Raw.
Thu, 06 Apr 2017 14:56:58 iMES_Data_Parser.py[line:17] INFO d:\3317\project\80335\4.20170406-REV1\531A\reports\WeldingList.TXT is Raw.
Thu, 06 Apr 2017 14:56:58 iMES_Data_Parser.py[line:17] INFO d:\3317\project\80335\4.20170406-REV1\531B\reports\CutingList.TXT is Raw.
Thu, 06 Apr 2017 14:56:58 iMES_Data_Parser.py[line:17] INFO d:\3317\project\80335\4.20170406-REV1\531B\reports\MaterialList.TXT is Raw.
Thu, 06 Apr 2017 14:56:58 iMES_Data_Parser.py[line:17] INFO d:\3317\project\80335\4.20170406-REV1\531B\reports\MaterialWeld.TXT is Raw.
Thu, 06 Apr 2017 14:56:58 iMES_Data_Parser.py[line:17] INFO d:\3317\project\80335\4.20170406-REV1\531B\reports\WeldingList.TXT is Raw.
Thu, 06 Apr 2017 14:56:58 iMES_Data_Parser.py[line:17] INFO d:\3317\project\80335\4.20170406-REV1\561B\reports\CutingList.TXT is Raw.
Thu, 06 Apr 2017 14:56:58 iMES_Data_Parser.py[line:17] INFO d:\3317\project\80335\4.20170406-REV1\561B\reports\MaterialList.TXT is Raw.
Thu, 06 Apr 2017 14:56:58 iMES_Data_Parser.py[line:17] INFO d:\3317\project\80335\4.20170406-REV1\561B\reports\MaterialWeld.TXT is Raw.
Thu, 06 Apr 2017 14:56:58 iMES_Data_Parser.py[line:17] INFO d:\3317\project\80335\4.20170406-REV1\561B\reports\WeldingList.TXT is Raw.
Thu, 06 Apr 2017 14:56:58 iMES_Data_Parser.py[line:17] INFO d:\3317\project\80335\4.20170406-REV1\561C\reports\CutingList.TXT is Raw.
Thu, 06 Apr 2017 14:56:58 iMES_Data_Parser.py[line:17] INFO d:\3317\project\80335\4.20170406-REV1\561C\reports\MaterialList.TXT is Raw.
Thu, 06 Apr 2017 14:56:58 iMES_Data_Parser.py[line:17] INFO d:\3317\project\80335\4.20170406-REV1\561C\reports\MaterialWeld.TXT is Raw.
Thu, 06 Apr 2017 14:56:58 iMES_Data_Parser.py[line:17] INFO d:\3317\project\80335\4.20170406-REV1\561C\reports\WeldingList.TXT is Raw.
Thu, 06 Apr 2017 14:56:58 iMES_Data_Parser.py[line:17] INFO d:\3317\project\80335\4.20170406-REV1\561D\reports\CutingList.TXT is Raw.
Thu, 06 Apr 2017 14:56:58 iMES_Data_Parser.py[line:17] INFO d:\3317\project\80335\4.20170406-REV1\561D\reports\MaterialList.TXT is Raw.
Thu, 06 Apr 2017 14:56:58 iMES_Data_Parser.py[line:17] INFO d:\3317\project\80335\4.20170406-REV1\561D\reports\MaterialWeld.TXT is Raw.
Thu, 06 Apr 2017 14:56:58 iMES_Data_Parser.py[line:17] INFO d:\3317\project\80335\4.20170406-REV1\561D\reports\WeldingList.TXT is Raw.
Thu, 06 Apr 2017 14:56:58 iMES_Data_Parser.py[line:17] INFO d:\3317\project\80335\4.20170406-REV1\561R\reports\CutingList.TXT is Raw.
Thu, 06 Apr 2017 14:56:58 iMES_Data_Parser.py[line:17] INFO d:\3317\project\80335\4.20170406-REV1\561R\reports\MaterialList.TXT is Raw.
Thu, 06 Apr 2017 14:56:58 iMES_Data_Parser.py[line:17] INFO d:\3317\project\80335\4.20170406-REV1\561R\reports\MaterialWeld.TXT is Raw.
Thu, 06 Apr 2017 14:56:58 iMES_Data_Parser.py[line:17] INFO d:\3317\project\80335\4.20170406-REV1\561R\reports\WeldingList.TXT is Raw.
Fri, 07 Apr 2017 08:59:55 iMES_Data_Parser.py[line:17] INFO d:\3317\project\80335\4.20170406-REV1\501A\reports\CutingList.TXT is Raw.
Fri, 07 Apr 2017 08:59:55 iMES_Data_Parser.py[line:17] INFO d:\3317\project\80335\4.20170406-REV1\501A\reports\MaterialList.TXT is Raw.
Fri, 07 Apr 2017 08:59:55 iMES_Data_Parser.py[line:17] INFO d:\3317\project\80335\4.20170406-REV1\501A\reports\MaterialWeld.TXT is Raw.
Fri, 07 Apr 2017 08:59:55 iMES_Data_Parser.py[line:17] INFO d:\3317\project\80335\4.20170406-REV1\501A\reports\WeldingList.TXT is Raw.
Fri, 07 Apr 2017 08:59:55 iMES_Data_Parser.py[line:17] INFO d:\3317\project\80335\4.20170406-REV1\501B\reports\CutingList.TXT is Raw.
Fri, 07 Apr 2017 08:59:55 iMES_Data_Parser.py[line:17] INFO d:\3317\project\80335\4.20170406-REV1\501B\reports\MaterialList.TXT is Raw.
Fri, 07 Apr 2017 08:59:55 iMES_Data_Parser.py[line:17] INFO d:\3317\project\80335\4.20170406-REV1\501B\reports\MaterialWeld.TXT is Raw.
Fri, 07 Apr 2017 08:59:55 iMES_Data_Parser.py[line:17] INFO d:\3317\project\80335\4.20170406-REV1\501B\reports\WeldingList.TXT is Raw.
Fri, 07 Apr 2017 08:59:55 iMES_Data_Parser.py[line:17] INFO d:\3317\project\80335\4.20170406-REV1\531A\reports\CutingList.TXT is Raw.
Fri, 07 Apr 2017 08:59:55 iMES_Data_Parser.py[line:17] INFO d:\3317\project\80335\4.20170406-REV1\531A\reports\MaterialList.TXT is Raw.
Fri, 07 Apr 2017 08:59:55 iMES_Data_Parser.py[line:17] INFO d:\3317\project\80335\4.20170406-REV1\531A\reports\MaterialWeld.TXT is Raw.
Fri, 07 Apr 2017 08:59:55 iMES_Data_Parser.py[line:17] INFO d:\3317\project\80335\4.20170406-REV1\531A\reports\WeldingList.TXT is Raw.
Fri, 07 Apr 2017 08:59:55 iMES_Data_Parser.py[line:17] INFO d:\3317\project\80335\4.20170406-REV1\531B\reports\CutingList.TXT is Raw.
Fri, 07 Apr 2017 08:59:55 iMES_Data_Parser.py[line:17] INFO d:\3317\project\80335\4.20170406-REV1\531B\reports\MaterialList.TXT is Raw.
Fri, 07 Apr 2017 08:59:55 iMES_Data_Parser.py[line:17] INFO d:\3317\project\80335\4.20170406-REV1\531B\reports\MaterialWeld.TXT is Raw.
Fri, 07 Apr 2017 08:59:55 iMES_Data_Parser.py[line:17] INFO d:\3317\project\80335\4.20170406-REV1\531B\reports\WeldingList.TXT is Raw.
Fri, 07 Apr 2017 08:59:55 iMES_Data_Parser.py[line:17] INFO d:\3317\project\80335\4.20170406-REV1\561B\reports\CutingList.TXT is Raw.
Fri, 07 Apr 2017 08:59:55 iMES_Data_Parser.py[line:17] INFO d:\3317\project\80335\4.20170406-REV1\561B\reports\MaterialList.TXT is Raw.
Fri, 07 Apr 2017 08:59:55 iMES_Data_Parser.py[line:17] INFO d:\3317\project\80335\4.20170406-REV1\561B\reports\MaterialWeld.TXT is Raw.
Fri, 07 Apr 2017 08:59:55 iMES_Data_Parser.py[line:17] INFO d:\3317\project\80335\4.20170406-REV1\561B\reports\WeldingList.TXT is Raw.
Fri, 07 Apr 2017 08:59:55 iMES_Data_Parser.py[line:17] INFO d:\3317\project\80335\4.20170406-REV1\561C\reports\CutingList.TXT is Raw.
Fri, 07 Apr 2017 08:59:55 iMES_Data_Parser.py[line:17] INFO d:\3317\project\80335\4.20170406-REV1\561C\reports\MaterialList.TXT is Raw.
Fri, 07 Apr 2017 08:59:55 iMES_Data_Parser.py[line:17] INFO d:\3317\project\80335\4.20170406-REV1\561C\reports\MaterialWeld.TXT is Raw.
Fri, 07 Apr 2017 08:59:56 iMES_Data_Parser.py[line:17] INFO d:\3317\project\80335\4.20170406-REV1\561C\reports\WeldingList.TXT is Raw.
Fri, 07 Apr 2017 08:59:56 iMES_Data_Parser.py[line:17] INFO d:\3317\project\80335\4.20170406-REV1\561D\reports\CutingList.TXT is Raw.
Fri, 07 Apr 2017 08:59:56 iMES_Data_Parser.py[line:17] INFO d:\3317\project\80335\4.20170406-REV1\561D\reports\MaterialList.TXT is Raw.
Fri, 07 Apr 2017 08:59:56 iMES_Data_Parser.py[line:17] INFO d:\3317\project\80335\4.20170406-REV1\561D\reports\MaterialWeld.TXT is Raw.
Fri, 07 Apr 2017 08:59:56 iMES_Data_Parser.py[line:17] INFO d:\3317\project\80335\4.20170406-REV1\561D\reports\WeldingList.TXT is Raw.
Fri, 07 Apr 2017 08:59:56 iMES_Data_Parser.py[line:17] INFO d:\3317\project\80335\4.20170406-REV1\561R\reports\CutingList.TXT is Raw.
Fri, 07 Apr 2017 08:59:56 iMES_Data_Parser.py[line:17] INFO d:\3317\project\80335\4.20170406-REV1\561R\reports\MaterialList.TXT is Raw.
Fri, 07 Apr 2017 08:59:56 iMES_Data_Parser.py[line:17] INFO d:\3317\project\80335\4.20170406-REV1\561R\reports\MaterialWeld.TXT is Raw.
Fri, 07 Apr 2017 08:59:56 iMES_Data_Parser.py[line:17] INFO d:\3317\project\80335\4.20170406-REV1\561R\reports\WeldingList.TXT is Raw.
Fri, 07 Apr 2017 09:01:57 iMES_Data_Parser.py[line:17] INFO d:\3317\project\80335\4.20170406-REV1\501A\reports\CutingList.TXT is Raw.
Fri, 07 Apr 2017 09:01:57 iMES_Data_Parser.py[line:17] INFO d:\3317\project\80335\4.20170406-REV1\501A\reports\MaterialList.TXT is Raw.
Fri, 07 Apr 2017 09:01:57 iMES_Data_Parser.py[line:17] INFO d:\3317\project\80335\4.20170406-REV1\501A\reports\MaterialWeld.TXT is Raw.
Fri, 07 Apr 2017 09:01:57 iMES_Data_Parser.py[line:17] INFO d:\3317\project\80335\4.20170406-REV1\501A\reports\WeldingList.TXT is Raw.
Fri, 07 Apr 2017 09:01:57 iMES_Data_Parser.py[line:17] INFO d:\3317\project\80335\4.20170406-REV1\501B\reports\CutingList.TXT is Raw.
Fri, 07 Apr 2017 09:01:57 iMES_Data_Parser.py[line:17] INFO d:\3317\project\80335\4.20170406-REV1\501B\reports\MaterialList.TXT is Raw.
Fri, 07 Apr 2017 09:01:57 iMES_Data_Parser.py[line:17] INFO d:\3317\project\80335\4.20170406-REV1\501B\reports\MaterialWeld.TXT is Raw.
Fri, 07 Apr 2017 09:01:57 iMES_Data_Parser.py[line:17] INFO d:\3317\project\80335\4.20170406-REV1\501B\reports\WeldingList.TXT is Raw.
Fri, 07 Apr 2017 09:01:57 iMES_Data_Parser.py[line:17] INFO d:\3317\project\80335\4.20170406-REV1\531A\reports\CutingList.TXT is Raw.
Fri, 07 Apr 2017 09:01:57 iMES_Data_Parser.py[line:17] INFO d:\3317\project\80335\4.20170406-REV1\531A\reports\MaterialList.TXT is Raw.
Fri, 07 Apr 2017 09:01:57 iMES_Data_Parser.py[line:17] INFO d:\3317\project\80335\4.20170406-REV1\531A\reports\MaterialWeld.TXT is Raw.
Fri, 07 Apr 2017 09:01:57 iMES_Data_Parser.py[line:17] INFO d:\3317\project\80335\4.20170406-REV1\531A\reports\WeldingList.TXT is Raw.
Fri, 07 Apr 2017 09:01:57 iMES_Data_Parser.py[line:17] INFO d:\3317\project\80335\4.20170406-REV1\531B\reports\CutingList.TXT is Raw.
Fri, 07 Apr 2017 09:01:57 iMES_Data_Parser.py[line:17] INFO d:\3317\project\80335\4.20170406-REV1\531B\reports\MaterialList.TXT is Raw.
Fri, 07 Apr 2017 09:01:57 iMES_Data_Parser.py[line:17] INFO d:\3317\project\80335\4.20170406-REV1\531B\reports\MaterialWeld.TXT is Raw.
Fri, 07 Apr 2017 09:01:57 iMES_Data_Parser.py[line:17] INFO d:\3317\project\80335\4.20170406-REV1\531B\reports\WeldingList.TXT is Raw.
Fri, 07 Apr 2017 09:01:57 iMES_Data_Parser.py[line:17] INFO d:\3317\project\80335\4.20170406-REV1\561B\reports\CutingList.TXT is Raw.
Fri, 07 Apr 2017 09:01:57 iMES_Data_Parser.py[line:17] INFO d:\3317\project\80335\4.20170406-REV1\561B\reports\MaterialList.TXT is Raw.
Fri, 07 Apr 2017 09:01:57 iMES_Data_Parser.py[line:17] INFO d:\3317\project\80335\4.20170406-REV1\561B\reports\MaterialWeld.TXT is Raw.
Fri, 07 Apr 2017 09:01:57 iMES_Data_Parser.py[line:17] INFO d:\3317\project\80335\4.20170406-REV1\561B\reports\WeldingList.TXT is Raw.
Fri, 07 Apr 2017 09:01:57 iMES_Data_Parser.py[line:17] INFO d:\3317\project\80335\4.20170406-REV1\561C\reports\CutingList.TXT is Raw.
Fri, 07 Apr 2017 09:01:57 iMES_Data_Parser.py[line:17] INFO d:\3317\project\80335\4.20170406-REV1\561C\reports\MaterialList.TXT is Raw.
Fri, 07 Apr 2017 09:01:57 iMES_Data_Parser.py[line:17] INFO d:\3317\project\80335\4.20170406-REV1\561C\reports\MaterialWeld.TXT is Raw.
Fri, 07 Apr 2017 09:01:57 iMES_Data_Parser.py[line:17] INFO d:\3317\project\80335\4.20170406-REV1\561C\reports\WeldingList.TXT is Raw.
Fri, 07 Apr 2017 09:01:57 iMES_Data_Parser.py[line:17] INFO d:\3317\project\80335\4.20170406-REV1\561D\reports\CutingList.TXT is Raw.
Fri, 07 Apr 2017 09:01:57 iMES_Data_Parser.py[line:17] INFO d:\3317\project\80335\4.20170406-REV1\561D\reports\MaterialList.TXT is Raw.
Fri, 07 Apr 2017 09:01:57 iMES_Data_Parser.py[line:17] INFO d:\3317\project\80335\4.20170406-REV1\561D\reports\MaterialWeld.TXT is Raw.
Fri, 07 Apr 2017 09:01:57 iMES_Data_Parser.py[line:17] INFO d:\3317\project\80335\4.20170406-REV1\561D\reports\WeldingList.TXT is Raw.
Fri, 07 Apr 2017 09:01:57 iMES_Data_Parser.py[line:17] INFO d:\3317\project\80335\4.20170406-REV1\561R\reports\CutingList.TXT is Raw.
Fri, 07 Apr 2017 09:01:57 iMES_Data_Parser.py[line:17] INFO d:\3317\project\80335\4.20170406-REV1\561R\reports\MaterialList.TXT is Raw.
Fri, 07 Apr 2017 09:01:57 iMES_Data_Parser.py[line:17] INFO d:\3317\project\80335\4.20170406-REV1\561R\reports\MaterialWeld.TXT is Raw.
Fri, 07 Apr 2017 09:01:57 iMES_Data_Parser.py[line:17] INFO d:\3317\project\80335\4.20170406-REV1\561R\reports\WeldingList.TXT is Raw.
Fri, 07 Apr 2017 09:02:23 iMES_Data_Parser.py[line:17] INFO d:\3317\project\80335\4.20170406-REV1\501A\reports\CutingList.TXT is Raw.
Fri, 07 Apr 2017 09:02:23 iMES_Data_Parser.py[line:17] INFO d:\3317\project\80335\4.20170406-REV1\501A\reports\MaterialList.TXT is Raw.
Fri, 07 Apr 2017 09:02:23 iMES_Data_Parser.py[line:17] INFO d:\3317\project\80335\4.20170406-REV1\501A\reports\MaterialWeld.TXT is Raw.
Fri, 07 Apr 2017 09:02:23 iMES_Data_Parser.py[line:17] INFO d:\3317\project\80335\4.20170406-REV1\501A\reports\WeldingList.TXT is Raw.
Fri, 07 Apr 2017 09:02:23 iMES_Data_Parser.py[line:17] INFO d:\3317\project\80335\4.20170406-REV1\501B\reports\CutingList.TXT is Raw.
Fri, 07 Apr 2017 09:02:23 iMES_Data_Parser.py[line:17] INFO d:\3317\project\80335\4.20170406-REV1\501B\reports\MaterialList.TXT is Raw.
Fri, 07 Apr 2017 09:02:23 iMES_Data_Parser.py[line:17] INFO d:\3317\project\80335\4.20170406-REV1\501B\reports\MaterialWeld.TXT is Raw.
Fri, 07 Apr 2017 09:02:23 iMES_Data_Parser.py[line:17] INFO d:\3317\project\80335\4.20170406-REV1\501B\reports\WeldingList.TXT is Raw.
Fri, 07 Apr 2017 09:02:23 iMES_Data_Parser.py[line:17] INFO d:\3317\project\80335\4.20170406-REV1\531A\reports\CutingList.TXT is Raw.
Fri, 07 Apr 2017 09:02:23 iMES_Data_Parser.py[line:17] INFO d:\3317\project\80335\4.20170406-REV1\531A\reports\MaterialList.TXT is Raw.
Fri, 07 Apr 2017 09:02:23 iMES_Data_Parser.py[line:17] INFO d:\3317\project\80335\4.20170406-REV1\531A\reports\MaterialWeld.TXT is Raw.
Fri, 07 Apr 2017 09:02:23 iMES_Data_Parser.py[line:17] INFO d:\3317\project\80335\4.20170406-REV1\531A\reports\WeldingList.TXT is Raw.
Fri, 07 Apr 2017 09:02:23 iMES_Data_Parser.py[line:17] INFO d:\3317\project\80335\4.20170406-REV1\531B\reports\CutingList.TXT is Raw.
Fri, 07 Apr 2017 09:02:23 iMES_Data_Parser.py[line:17] INFO d:\3317\project\80335\4.20170406-REV1\531B\reports\MaterialList.TXT is Raw.
Fri, 07 Apr 2017 09:02:23 iMES_Data_Parser.py[line:17] INFO d:\3317\project\80335\4.20170406-REV1\531B\reports\MaterialWeld.TXT is Raw.
Fri, 07 Apr 2017 09:02:23 iMES_Data_Parser.py[line:17] INFO d:\3317\project\80335\4.20170406-REV1\531B\reports\WeldingList.TXT is Raw.
Fri, 07 Apr 2017 09:02:23 iMES_Data_Parser.py[line:17] INFO d:\3317\project\80335\4.20170406-REV1\561B\reports\CutingList.TXT is Raw.
Fri, 07 Apr 2017 09:02:23 iMES_Data_Parser.py[line:17] INFO d:\3317\project\80335\4.20170406-REV1\561B\reports\MaterialList.TXT is Raw.
Fri, 07 Apr 2017 09:02:23 iMES_Data_Parser.py[line:17] INFO d:\3317\project\80335\4.20170406-REV1\561B\reports\MaterialWeld.TXT is Raw.
Fri, 07 Apr 2017 09:02:23 iMES_Data_Parser.py[line:17] INFO d:\3317\project\80335\4.20170406-REV1\561B\reports\WeldingList.TXT is Raw.
Fri, 07 Apr 2017 09:02:23 iMES_Data_Parser.py[line:17] INFO d:\3317\project\80335\4.20170406-REV1\561C\reports\CutingList.TXT is Raw.
Fri, 07 Apr 2017 09:02:23 iMES_Data_Parser.py[line:17] INFO d:\3317\project\80335\4.20170406-REV1\561C\reports\MaterialList.TXT is Raw.
Fri, 07 Apr 2017 09:02:23 iMES_Data_Parser.py[line:17] INFO d:\3317\project\80335\4.20170406-REV1\561C\reports\MaterialWeld.TXT is Raw.
Fri, 07 Apr 2017 09:02:23 iMES_Data_Parser.py[line:17] INFO d:\3317\project\80335\4.20170406-REV1\561C\reports\WeldingList.TXT is Raw.
Fri, 07 Apr 2017 09:02:23 iMES_Data_Parser.py[line:17] INFO d:\3317\project\80335\4.20170406-REV1\561D\reports\CutingList.TXT is Raw.
Fri, 07 Apr 2017 09:02:23 iMES_Data_Parser.py[line:17] INFO d:\3317\project\80335\4.20170406-REV1\561D\reports\MaterialList.TXT is Raw.
Fri, 07 Apr 2017 09:02:23 iMES_Data_Parser.py[line:17] INFO d:\3317\project\80335\4.20170406-REV1\561D\reports\MaterialWeld.TXT is Raw.
Fri, 07 Apr 2017 09:02:23 iMES_Data_Parser.py[line:17] INFO d:\3317\project\80335\4.20170406-REV1\561D\reports\WeldingList.TXT is Raw.
Fri, 07 Apr 2017 09:02:23 iMES_Data_Parser.py[line:17] INFO d:\3317\project\80335\4.20170406-REV1\561R\reports\CutingList.TXT is Raw.
Fri, 07 Apr 2017 09:02:23 iMES_Data_Parser.py[line:17] INFO d:\3317\project\80335\4.20170406-REV1\561R\reports\MaterialList.TXT is Raw.
Fri, 07 Apr 2017 09:02:23 iMES_Data_Parser.py[line:17] INFO d:\3317\project\80335\4.20170406-REV1\561R\reports\MaterialWeld.TXT is Raw.
Fri, 07 Apr 2017 09:02:23 iMES_Data_Parser.py[line:17] INFO d:\3317\project\80335\4.20170406-REV1\561R\reports\WeldingList.TXT is Raw.
Fri, 07 Apr 2017 09:02:23 iMES_Data_Parser.py[line:59] WARNING [Errno 13] Permission denied: 'bom.xlsx'
